  SwarmDetection.cpp
C:\Users\Mario\Desktop\camera_controlled_swarm_robots\positiontracking\opencvcpp\SwarmDetection.cpp(28,121): warning C4244: "Argument": Konvertierung von "size_t" in "_Tp", möglicher Datenverlust
          with
          [
              _Tp=double
          ]
C:\Users\Mario\Desktop\camera_controlled_swarm_robots\positiontracking\opencvcpp\SwarmDetection.cpp(28,109): warning C4244: "Argument": Konvertierung von "size_t" in "_Tp", möglicher Datenverlust
          with
          [
              _Tp=double
          ]
C:\Users\Mario\Desktop\camera_controlled_swarm_robots\positiontracking\opencvcpp\SwarmDetection.cpp(28,97): warning C4244: "Argument": Konvertierung von "size_t" in "_Tp", möglicher Datenverlust
          with
          [
              _Tp=double
          ]
C:\Users\Mario\Desktop\camera_controlled_swarm_robots\positiontracking\opencvcpp\SwarmDetection.cpp(28,73): warning C4244: "Argument": Konvertierung von "size_t" in "_Tp", möglicher Datenverlust
          with
          [
              _Tp=double
          ]
C:\Users\Mario\Desktop\camera_controlled_swarm_robots\positiontracking\opencvcpp\SwarmDetection.cpp(28,61): warning C4244: "Argument": Konvertierung von "size_t" in "_Tp", möglicher Datenverlust
          with
          [
              _Tp=double
          ]
C:\Users\Mario\Desktop\camera_controlled_swarm_robots\positiontracking\opencvcpp\SwarmDetection.cpp(28,49): warning C4244: "Argument": Konvertierung von "size_t" in "_Tp", möglicher Datenverlust
          with
          [
              _Tp=double
          ]
C:\Users\Mario\Desktop\camera_controlled_swarm_robots\positiontracking\opencvcpp\SwarmDetection.cpp(175,29): warning C4267: "Argument": Konvertierung von "size_t" nach "int", Datenverlust möglich
  opencvcpp.vcxproj -> C:\Users\Mario\Desktop\camera_controlled_swarm_robots\positiontracking\x64\Debug\opencvcpp.exe
